<?xml version="1.0" encoding="UTF-8"?>
<!-- Generated by org.testng.reporters.JUnitReportReporter -->
<testsuite hostname="Desktop-Monitor-1st-Floor-Room3" failures="0" tests="1" name="demoTest.DemoScreenshot" time="2.485" errors="0" timestamp="2024-12-02T08:51:01 IST" skipped="0">
  <testcase classname="demoTest.DemoScreenshot" name="demo" time="2.485"/>
</testsuite> <!-- demoTest.DemoScreenshot -->
