<?xml version="1.0" encoding="UTF-8"?>
<!-- Generated by org.testng.reporters.JUnitReportReporter -->
<testsuite hostname="Desktop-Monitor-1st-Floor-Room3" failures="0" tests="3" name="demoTest.DemoA" time="0.004" errors="0" timestamp="2024-11-28T08:35:05 IST" skipped="0">
  <testcase classname="demoTest.DemoA" name="demoB" time="0.002">
    <system-out>
      <![CDATA[Welcome to Qspiders]]>
    </system-out>
  </testcase> <!-- demoB -->
  <testcase classname="demoTest.DemoA" name="demoA" time="0.001">
    <system-out>
      <![CDATA[Hello World]]>
    </system-out>
  </testcase> <!-- demoA -->
  <testcase classname="demoTest.DemoA" name="demoC" time="0.001"/>
  <system-out>
    <![CDATA[createProject
deleteProject
modifyProject
deleteCustomer
createCustomer
deleteCustomer
modifyCustomer
Hello World
Welcome to Qspiders
createUser
deleteUser
modifyUser]]>
  </system-out>
</testsuite> <!-- demoTest.DemoA -->
