<?xml version="1.0" encoding="UTF-8"?>
<!-- Generated by org.testng.reporters.JUnitReportReporter -->
<testsuite hostname="Desktop-Monitor-1st-Floor-Room3" failures="0" tests="1" name="demoTest.WebElementScreenshot" time="4.154" errors="0" timestamp="2024-12-02T09:16:14 IST" skipped="0">
  <testcase classname="demoTest.WebElementScreenshot" name="demo" time="4.154"/>
</testsuite> <!-- demoTest.WebElementScreenshot -->
