<?xml version="1.0" encoding="UTF-8"?>
<!-- Generated by org.testng.reporters.JUnitReportReporter -->
<testsuite hostname="Desktop-Monitor-1st-Floor-Room3" failures="0" tests="4" name="demoTest.Activity" time="0.013" errors="0" timestamp="2024-11-30T09:21:32 IST" skipped="0">
  <testcase classname="demoTest.Activity" name="createCustomer" time="0.006">
    <system-out>
      <![CDATA[createCustomer]]>
    </system-out>
  </testcase> <!-- createCustomer -->
  <testcase classname="demoTest.Activity" name="createCustomer" time="0.002">
    <system-out>
      <![CDATA[createCustomer]]>
    </system-out>
  </testcase> <!-- createCustomer -->
  <testcase classname="demoTest.Activity" name="deleteCustomer" time="0.003">
    <system-out>
      <![CDATA[deleteCustomer]]>
    </system-out>
  </testcase> <!-- deleteCustomer -->
  <testcase classname="demoTest.Activity" name="modifyCustomer" time="0.002">
    <system-out>
      <![CDATA[modifyCustomer]]>
    </system-out>
  </testcase> <!-- modifyCustomer -->
  <system-out>
    <![CDATA[openBrowser
login
createCustomer
logout
login
createCustomer
logout
login
deleteCustomer
logout
login
modifyCustomer
logout
closeBrowser]]>
  </system-out>
</testsuite> <!-- demoTest.Activity -->
