<?xml version="1.0" encoding="UTF-8"?>
<!-- Generated by org.testng.reporters.JUnitReportReporter -->
<testsuite hostname="Desktop-Monitor-1st-Floor-Room3" failures="0" tests="3" name="datadriventesting.LearnParameterization" time="4.972" errors="0" timestamp="2024-12-17T09:12:27 IST" skipped="0">
  <testcase classname="datadriventesting.LearnParameterization" name="learnPara" time="1.646"/>
  <testcase classname="datadriventesting.LearnParameterization" name="learnPara" time="1.662"/>
  <testcase classname="datadriventesting.LearnParameterization" name="learnPara" time="1.664"/>
</testsuite> <!-- datadriventesting.LearnParameterization -->
