<?xml version="1.0" encoding="UTF-8"?>
<!-- Generated by org.testng.reporters.JUnitReportReporter -->
<testsuite hostname="Desktop-Monitor-1st-Floor-Room3" failures="0" tests="1" name="com.actitime.testscript.ProjectModule" time="0.005" errors="0" timestamp="2024-11-30T09:04:31 IST" skipped="0">
  <testcase classname="com.actitime.testscript.ProjectModule" name="createProject" time="0.005">
    <system-out>
      <![CDATA[createProject]]>
    </system-out>
  </testcase> <!-- createProject -->
  <system-out>
    <![CDATA[createProject
createUser]]>
  </system-out>
</testsuite> <!-- com.actitime.testscript.ProjectModule -->
