<?xml version="1.0" encoding="UTF-8"?>
<!-- Generated by org.testng.reporters.JUnitReportReporter -->
<testsuite hostname="DESKTOP-4AMUNVD" failures="0" tests="1" name="demo.WebElementTakesSreenshot" time="78.087" errors="0" timestamp="2024-12-02T21:56:33 IST" skipped="0">
  <testcase classname="demo.WebElementTakesSreenshot" name="demo" time="78.087"/>
  <system-out/>
</testsuite> <!-- demo.WebElementTakesSreenshot -->
