<?xml version="1.0" encoding="UTF-8"?>
<!-- Generated by org.testng.reporters.JUnitReportReporter -->
<testsuite hostname="DESKTOP-4AMUNVD" failures="0" tests="3" name="demo.PracticeTestNG" time="0.094" errors="0" timestamp="2024-11-26T19:12:50 IST" skipped="0">
  <testcase classname="demo.PracticeTestNG" name="demoA" time="0.014"/>
  <system-out>
    <![CDATA[Welcome to the World of Smart]]>
  </system-out>
  <testcase classname="demo.PracticeTestNG" name="demoS" time="0.024"/>
  <system-out/>
  <testcase classname="demo.PracticeTestNG" name="demo" time="0.056"/>
  <system-out>
    <![CDATA[Welcome to The Hello World]]>
  </system-out>
</testsuite> <!-- demo.PracticeTestNG -->
